{"contracts/abstracts/ERC20ETHlessTransfer.sol":{"l":{"31":0,"32":0,"33":0,"37":5,"62":0,"63":0,"68":0,"70":0,"82":0,"84":0,"85":0,"87":0,"93":0,"97":0,"105":0,"107":0},"path":"/home/osboxes/ERC-20-Wrapper-Gluwacoin/contracts/abstracts/ERC20ETHlessTransfer.sol","s":{"1":0,"2":0,"3":0,"4":5,"5":0,"6":0,"7":0,"8":0,"9":0,"10":0,"11":0,"12":0,"13":0,"14":0,"15":0,"16":0},"b":{"1":[0,0],"2":[0,0]},"f":{"1":0,"2":5,"3":0,"4":0,"5":0},"fnMap":{"1":{"name":"__ERC20ETHless_init","line":29,"loc":{"start":{"line":27,"column":4},"end":{"line":34,"column":4}}},"2":{"name":"__ERC20ETHless_init_unchained","line":36,"loc":{"start":{"line":36,"column":4},"end":{"line":38,"column":4}}},"3":{"name":"transfer","line":54,"loc":{"start":{"line":54,"column":4},"end":{"line":88,"column":4}}},"4":{"name":"_useNonce","line":92,"loc":{"start":{"line":92,"column":4},"end":{"line":98,"column":4}}},"5":{"name":"_collect","line":104,"loc":{"start":{"line":104,"column":4},"end":{"line":108,"column":4}}}},"statementMap":{"1":{"start":{"line":31,"column":8},"end":{"line":31,"column":43}},"2":{"start":{"line":32,"column":8},"end":{"line":32,"column":49}},"3":{"start":{"line":33,"column":8},"end":{"line":33,"column":38}},"4":{"start":{"line":37,"column":8},"end":{"line":37,"column":45}},"5":{"start":{"line":62,"column":8},"end":{"line":62,"column":49}},"6":{"start":{"line":63,"column":8},"end":{"line":63,"column":2090}},"7":{"start":{"line":68,"column":8},"end":{"line":68,"column":31}},"8":{"start":{"line":70,"column":8},"end":{"line":70,"column":2258}},"9":{"start":{"line":82,"column":8},"end":{"line":82,"column":52}},"10":{"start":{"line":84,"column":8},"end":{"line":84,"column":28}},"11":{"start":{"line":85,"column":8},"end":{"line":85,"column":43}},"12":{"start":{"line":87,"column":8},"end":{"line":87,"column":19}},"13":{"start":{"line":93,"column":8},"end":{"line":93,"column":2852}},"14":{"start":{"line":97,"column":8},"end":{"line":97,"column":40}},"15":{"start":{"line":105,"column":8},"end":{"line":105,"column":56}},"16":{"start":{"line":107,"column":8},"end":{"line":107,"column":41}}},"branchMap":{"1":{"line":63,"type":"if","locations":[{"start":{"line":63,"column":8},"end":{"line":63,"column":8}},{"start":{"line":63,"column":8},"end":{"line":63,"column":8}}]},"2":{"line":93,"type":"if","locations":[{"start":{"line":93,"column":8},"end":{"line":93,"column":8}},{"start":{"line":93,"column":8},"end":{"line":93,"column":8}}]}}},"contracts/abstracts/ERC20Reservable.sol":{"l":{"43":0,"44":0,"61":0,"63":0,"64":0,"65":0,"66":0,"67":0,"68":0,"72":0,"76":0,"91":0,"93":0,"94":0,"96":0,"97":0,"99":0,"100":0,"102":0,"104":0,"106":0,"110":0,"112":0,"113":0,"115":0,"117":0,"120":0,"121":0,"122":0,"123":0,"124":0,"126":0,"127":0,"129":0,"130":0,"132":0,"136":0,"138":0,"139":0,"141":0,"143":0,"146":0,"147":0,"149":0,"153":0,"157":0,"158":0,"161":0},"path":"/home/osboxes/ERC-20-Wrapper-Gluwacoin/contracts/abstracts/ERC20Reservable.sol","s":{"1":0,"2":0,"3":0,"4":0,"5":0,"6":0,"7":0,"8":0,"9":0,"10":0,"11":0,"12":0,"13":0,"14":0,"15":0,"16":0,"17":0,"18":0,"19":0,"20":0,"21":0,"22":0,"23":0,"24":0,"25":0,"26":0,"27":0,"28":0,"29":0,"30":0,"31":0,"32":0,"33":0,"34":0,"35":0,"36":0,"37":0,"38":0,"39":0,"40":0,"41":0,"42":0,"43":0,"44":0,"45":0,"46":0,"47":0,"48":0},"b":{"1":[0,0],"2":[0,0],"3":[0,0],"4":[0,0],"5":[0,0],"6":[0,0],"7":[0,0],"8":[0,0],"9":[0,0],"10":[0,0],"11":[0,0],"12":[0,0],"13":[0,0],"14":[0,0]},"f":{"1":0,"2":5,"3":0,"4":0,"5":0,"6":0,"7":0,"8":0,"9":0,"10":0},"fnMap":{"1":{"name":"__ERC20Reservable_init","line":42,"loc":{"start":{"line":41,"column":4},"end":{"line":45,"column":4}}},"2":{"name":"__ERC20Reservable_init_unchained","line":47,"loc":{"start":{"line":47,"column":4},"end":{"line":48,"column":4}}},"3":{"name":"getReservation","line":50,"loc":{"start":{"line":50,"column":4},"end":{"line":69,"column":4}}},"4":{"name":"reservedBalanceOf","line":71,"loc":{"start":{"line":71,"column":4},"end":{"line":73,"column":4}}},"5":{"name":"unreservedBalanceOf","line":75,"loc":{"start":{"line":75,"column":4},"end":{"line":77,"column":4}}},"6":{"name":"reserve","line":79,"loc":{"start":{"line":79,"column":4},"end":{"line":107,"column":4}}},"7":{"name":"execute","line":109,"loc":{"start":{"line":109,"column":4},"end":{"line":133,"column":4}}},"8":{"name":"reclaim","line":135,"loc":{"start":{"line":135,"column":4},"end":{"line":150,"column":4}}},"9":{"name":"_unreservedBalance","line":152,"loc":{"start":{"line":152,"column":4},"end":{"line":154,"column":4}}},"10":{"name":"_beforeTokenTransfer","line":156,"loc":{"start":{"line":156,"column":4},"end":{"line":162,"column":4}}}},"statementMap":{"1":{"start":{"line":43,"column":8},"end":{"line":43,"column":43}},"2":{"start":{"line":44,"column":8},"end":{"line":44,"column":41}},"3":{"start":{"line":61,"column":8},"end":{"line":61,"column":66}},"4":{"start":{"line":63,"column":8},"end":{"line":63,"column":35}},"5":{"start":{"line":64,"column":8},"end":{"line":64,"column":29}},"6":{"start":{"line":65,"column":8},"end":{"line":65,"column":41}},"7":{"start":{"line":66,"column":8},"end":{"line":66,"column":39}},"8":{"start":{"line":67,"column":8},"end":{"line":67,"column":51}},"9":{"start":{"line":68,"column":8},"end":{"line":68,"column":35}},"10":{"start":{"line":72,"column":8},"end":{"line":72,"column":63}},"11":{"start":{"line":76,"column":8},"end":{"line":76,"column":42}},"12":{"start":{"line":91,"column":8},"end":{"line":91,"column":115}},"13":{"start":{"line":93,"column":8},"end":{"line":93,"column":93}},"14":{"start":{"line":94,"column":8},"end":{"line":94,"column":91}},"15":{"start":{"line":96,"column":8},"end":{"line":96,"column":36}},"16":{"start":{"line":97,"column":8},"end":{"line":97,"column":103}},"17":{"start":{"line":99,"column":8},"end":{"line":99,"column":179}},"18":{"start":{"line":100,"column":8},"end":{"line":100,"column":52}},"19":{"start":{"line":102,"column":8},"end":{"line":102,"column":3583}},"20":{"start":{"line":104,"column":8},"end":{"line":104,"column":62}},"21":{"start":{"line":106,"column":8},"end":{"line":106,"column":19}},"22":{"start":{"line":110,"column":8},"end":{"line":110,"column":66}},"23":{"start":{"line":112,"column":8},"end":{"line":112,"column":95}},"24":{"start":{"line":113,"column":8},"end":{"line":113,"column":4119}},"25":{"start":{"line":115,"column":8},"end":{"line":115,"column":4280}},"26":{"start":{"line":117,"column":8},"end":{"line":117,"column":4411}},"27":{"start":{"line":120,"column":8},"end":{"line":120,"column":48}},"28":{"start":{"line":121,"column":8},"end":{"line":121,"column":50}},"29":{"start":{"line":122,"column":8},"end":{"line":122,"column":38}},"30":{"start":{"line":123,"column":8},"end":{"line":123,"column":44}},"31":{"start":{"line":124,"column":8},"end":{"line":124,"column":36}},"32":{"start":{"line":126,"column":8},"end":{"line":126,"column":69}},"33":{"start":{"line":127,"column":8},"end":{"line":127,"column":62}},"34":{"start":{"line":129,"column":8},"end":{"line":129,"column":39}},"35":{"start":{"line":130,"column":8},"end":{"line":130,"column":43}},"36":{"start":{"line":132,"column":8},"end":{"line":132,"column":19}},"37":{"start":{"line":136,"column":8},"end":{"line":136,"column":66}},"38":{"start":{"line":138,"column":8},"end":{"line":138,"column":95}},"39":{"start":{"line":139,"column":8},"end":{"line":139,"column":5324}},"40":{"start":{"line":141,"column":8},"end":{"line":141,"column":5518}},"41":{"start":{"line":143,"column":8},"end":{"line":143,"column":5691}},"42":{"start":{"line":146,"column":8},"end":{"line":146,"column":69}},"43":{"start":{"line":147,"column":8},"end":{"line":147,"column":95}},"44":{"start":{"line":149,"column":8},"end":{"line":149,"column":19}},"45":{"start":{"line":153,"column":8},"end":{"line":153,"column":57}},"46":{"start":{"line":157,"column":8},"end":{"line":157,"column":6245}},"47":{"start":{"line":158,"column":12},"end":{"line":158,"column":117}},"48":{"start":{"line":161,"column":8},"end":{"line":161,"column":51}}},"branchMap":{"1":{"line":91,"type":"if","locations":[{"start":{"line":91,"column":8},"end":{"line":91,"column":8}},{"start":{"line":91,"column":8},"end":{"line":91,"column":8}}]},"2":{"line":93,"type":"if","locations":[{"start":{"line":93,"column":8},"end":{"line":93,"column":8}},{"start":{"line":93,"column":8},"end":{"line":93,"column":8}}]},"3":{"line":94,"type":"if","locations":[{"start":{"line":94,"column":8},"end":{"line":94,"column":8}},{"start":{"line":94,"column":8},"end":{"line":94,"column":8}}]},"4":{"line":97,"type":"if","locations":[{"start":{"line":97,"column":8},"end":{"line":97,"column":8}},{"start":{"line":97,"column":8},"end":{"line":97,"column":8}}]},"5":{"line":112,"type":"if","locations":[{"start":{"line":112,"column":8},"end":{"line":112,"column":8}},{"start":{"line":112,"column":8},"end":{"line":112,"column":8}}]},"6":{"line":113,"type":"if","locations":[{"start":{"line":113,"column":8},"end":{"line":113,"column":8}},{"start":{"line":113,"column":8},"end":{"line":113,"column":8}}]},"7":{"line":115,"type":"if","locations":[{"start":{"line":115,"column":8},"end":{"line":115,"column":8}},{"start":{"line":115,"column":8},"end":{"line":115,"column":8}}]},"8":{"line":117,"type":"if","locations":[{"start":{"line":117,"column":8},"end":{"line":117,"column":8}},{"start":{"line":117,"column":8},"end":{"line":117,"column":8}}]},"9":{"line":138,"type":"if","locations":[{"start":{"line":138,"column":8},"end":{"line":138,"column":8}},{"start":{"line":138,"column":8},"end":{"line":138,"column":8}}]},"10":{"line":139,"type":"if","locations":[{"start":{"line":139,"column":8},"end":{"line":139,"column":8}},{"start":{"line":139,"column":8},"end":{"line":139,"column":8}}]},"11":{"line":141,"type":"if","locations":[{"start":{"line":141,"column":8},"end":{"line":141,"column":8}},{"start":{"line":141,"column":8},"end":{"line":141,"column":8}}]},"12":{"line":143,"type":"if","locations":[{"start":{"line":143,"column":8},"end":{"line":143,"column":8}},{"start":{"line":143,"column":8},"end":{"line":143,"column":8}}]},"13":{"line":157,"type":"if","locations":[{"start":{"line":157,"column":8},"end":{"line":157,"column":8}},{"start":{"line":157,"column":8},"end":{"line":157,"column":8}}]},"14":{"line":158,"type":"if","locations":[{"start":{"line":158,"column":12},"end":{"line":158,"column":12}},{"start":{"line":158,"column":12},"end":{"line":158,"column":12}}]}}},"contracts/abstracts/ERC20Wrapper.sol":{"l":{"32":0,"33":0,"34":0,"35":0,"39":5,"40":5,"47":4,"62":0,"87":0,"89":0,"90":0,"92":0,"94":0,"96":0,"105":0,"127":0,"128":0,"130":0,"132":0,"133":0,"135":0,"136":0,"138":0,"143":0,"145":0,"147":0,"151":0,"153":0,"155":0,"166":5,"172":0,"173":0,"177":0},"path":"/home/osboxes/ERC-20-Wrapper-Gluwacoin/contracts/abstracts/ERC20Wrapper.sol","s":{"1":0,"2":0,"3":0,"4":0,"5":5,"6":5,"7":4,"8":0,"9":0,"10":0,"11":0,"12":0,"13":0,"14":0,"15":0,"16":0,"17":0,"18":0,"19":0,"20":0,"21":0,"22":0,"23":0,"24":0,"25":0,"26":0,"27":0,"28":0,"29":0,"30":5,"31":0,"32":0,"33":0},"b":{"1":[0,0],"2":[0,0],"3":[0,0],"4":[0,0]},"f":{"1":0,"2":5,"3":4,"4":0,"5":0,"6":0,"7":0,"8":0,"9":0,"10":5,"11":0,"12":0},"fnMap":{"1":{"name":"__ERC20Wrapper_init","line":31,"loc":{"start":{"line":30,"column":4},"end":{"line":36,"column":4}}},"2":{"name":"__ERC20Wrapper_init_unchained","line":38,"loc":{"start":{"line":38,"column":4},"end":{"line":41,"column":4}}},"3":{"name":"token","line":46,"loc":{"start":{"line":46,"column":4},"end":{"line":48,"column":4}}},"4":{"name":"mint","line":61,"loc":{"start":{"line":61,"column":4},"end":{"line":63,"column":4}}},"5":{"name":"mint","line":85,"loc":{"start":{"line":85,"column":4},"end":{"line":97,"column":4}}},"6":{"name":"burn","line":104,"loc":{"start":{"line":104,"column":4},"end":{"line":106,"column":4}}},"7":{"name":"burn","line":125,"loc":{"start":{"line":125,"column":4},"end":{"line":139,"column":4}}},"8":{"name":"__mint","line":142,"loc":{"start":{"line":142,"column":4},"end":{"line":148,"column":4}}},"9":{"name":"__burn","line":150,"loc":{"start":{"line":150,"column":4},"end":{"line":156,"column":4}}},"10":{"name":"_setupToken","line":165,"loc":{"start":{"line":165,"column":4},"end":{"line":167,"column":4}}},"11":{"name":"_useWrapperNonce","line":171,"loc":{"start":{"line":171,"column":4},"end":{"line":174,"column":4}}},"12":{"name":"_beforeTokenTransfer","line":176,"loc":{"start":{"line":176,"column":4},"end":{"line":178,"column":4}}}},"statementMap":{"1":{"start":{"line":32,"column":8},"end":{"line":32,"column":33}},"2":{"start":{"line":33,"column":8},"end":{"line":33,"column":49}},"3":{"start":{"line":34,"column":8},"end":{"line":34,"column":43}},"4":{"start":{"line":35,"column":8},"end":{"line":35,"column":47}},"5":{"start":{"line":39,"column":8},"end":{"line":39,"column":29}},"6":{"start":{"line":40,"column":8},"end":{"line":40,"column":45}},"7":{"start":{"line":47,"column":8},"end":{"line":47,"column":21}},"8":{"start":{"line":62,"column":8},"end":{"line":62,"column":35}},"9":{"start":{"line":87,"column":8},"end":{"line":87,"column":38}},"10":{"start":{"line":89,"column":8},"end":{"line":89,"column":139}},"11":{"start":{"line":90,"column":8},"end":{"line":90,"column":52}},"12":{"start":{"line":92,"column":8},"end":{"line":92,"column":29}},"13":{"start":{"line":94,"column":8},"end":{"line":94,"column":56}},"14":{"start":{"line":96,"column":8},"end":{"line":96,"column":38}},"15":{"start":{"line":105,"column":8},"end":{"line":105,"column":35}},"16":{"start":{"line":127,"column":8},"end":{"line":127,"column":49}},"17":{"start":{"line":128,"column":8},"end":{"line":128,"column":83}},"18":{"start":{"line":130,"column":8},"end":{"line":130,"column":38}},"19":{"start":{"line":132,"column":8},"end":{"line":132,"column":139}},"20":{"start":{"line":133,"column":8},"end":{"line":133,"column":52}},"21":{"start":{"line":135,"column":8},"end":{"line":135,"column":56}},"22":{"start":{"line":136,"column":8},"end":{"line":136,"column":38}},"23":{"start":{"line":138,"column":8},"end":{"line":138,"column":35}},"24":{"start":{"line":143,"column":8},"end":{"line":143,"column":114}},"25":{"start":{"line":145,"column":8},"end":{"line":145,"column":34}},"26":{"start":{"line":147,"column":8},"end":{"line":147,"column":29}},"27":{"start":{"line":151,"column":8},"end":{"line":151,"column":96}},"28":{"start":{"line":153,"column":8},"end":{"line":153,"column":35}},"29":{"start":{"line":155,"column":8},"end":{"line":155,"column":29}},"30":{"start":{"line":166,"column":8},"end":{"line":166,"column":22}},"31":{"start":{"line":172,"column":8},"end":{"line":172,"column":109}},"32":{"start":{"line":173,"column":8},"end":{"line":173,"column":40}},"33":{"start":{"line":177,"column":8},"end":{"line":177,"column":51}}},"branchMap":{"1":{"line":128,"type":"if","locations":[{"start":{"line":128,"column":8},"end":{"line":128,"column":8}},{"start":{"line":128,"column":8},"end":{"line":128,"column":8}}]},"2":{"line":143,"type":"if","locations":[{"start":{"line":143,"column":8},"end":{"line":143,"column":8}},{"start":{"line":143,"column":8},"end":{"line":143,"column":8}}]},"3":{"line":151,"type":"if","locations":[{"start":{"line":151,"column":8},"end":{"line":151,"column":8}},{"start":{"line":151,"column":8},"end":{"line":151,"column":8}}]},"4":{"line":172,"type":"if","locations":[{"start":{"line":172,"column":8},"end":{"line":172,"column":8}},{"start":{"line":172,"column":8},"end":{"line":172,"column":8}}]}}},"contracts/abstracts/Validate.sol":{"l":{"18":0,"20":0,"21":0},"path":"/home/osboxes/ERC-20-Wrapper-Gluwacoin/contracts/abstracts/Validate.sol","s":{"1":0,"2":0,"3":0},"b":{"1":[0,0]},"f":{"1":0},"fnMap":{"1":{"name":"validateSignature","line":17,"loc":{"start":{"line":17,"column":4},"end":{"line":22,"column":4}}}},"statementMap":{"1":{"start":{"line":18,"column":8},"end":{"line":18,"column":59}},"2":{"start":{"line":20,"column":8},"end":{"line":20,"column":49}},"3":{"start":{"line":21,"column":8},"end":{"line":21,"column":63}}},"branchMap":{"1":{"line":21,"type":"if","locations":[{"start":{"line":21,"column":8},"end":{"line":21,"column":8}},{"start":{"line":21,"column":8},"end":{"line":21,"column":8}}]}}},"contracts/ERC20WrapperGluwacoin.sol":{"l":{"32":3,"37":2,"46":3,"47":3,"48":3,"49":3,"50":3,"51":3,"52":3,"53":3,"57":5,"65":0,"66":0},"path":"/home/osboxes/ERC-20-Wrapper-Gluwacoin/contracts/ERC20WrapperGluwacoin.sol","s":{"1":3,"2":2,"3":3,"4":3,"5":3,"6":3,"7":3,"8":3,"9":3,"10":3,"11":5,"12":0,"13":0},"b":{},"f":{"1":3,"2":2,"3":3,"4":5,"5":0},"fnMap":{"1":{"name":"initialize","line":26,"loc":{"start":{"line":26,"column":4},"end":{"line":33,"column":4}}},"2":{"name":"decimals","line":36,"loc":{"start":{"line":36,"column":4},"end":{"line":38,"column":4}}},"3":{"name":"__ERC20WrapperGluwacoin_init","line":45,"loc":{"start":{"line":40,"column":4},"end":{"line":54,"column":4}}},"4":{"name":"__ERC20WrapperGluwacoin_init_unchained","line":56,"loc":{"start":{"line":56,"column":4},"end":{"line":58,"column":4}}},"5":{"name":"_beforeTokenTransfer","line":60,"loc":{"start":{"line":60,"column":4},"end":{"line":67,"column":4}}}},"statementMap":{"1":{"start":{"line":32,"column":8},"end":{"line":32,"column":67}},"2":{"start":{"line":37,"column":8},"end":{"line":37,"column":24}},"3":{"start":{"line":46,"column":8},"end":{"line":46,"column":28}},"4":{"start":{"line":47,"column":8},"end":{"line":47,"column":33}},"5":{"start":{"line":48,"column":8},"end":{"line":48,"column":43}},"6":{"start":{"line":49,"column":8},"end":{"line":49,"column":38}},"7":{"start":{"line":50,"column":8},"end":{"line":50,"column":41}},"8":{"start":{"line":51,"column":8},"end":{"line":51,"column":49}},"9":{"start":{"line":52,"column":8},"end":{"line":52,"column":43}},"10":{"start":{"line":53,"column":8},"end":{"line":53,"column":47}},"11":{"start":{"line":57,"column":8},"end":{"line":57,"column":51}},"12":{"start":{"line":65,"column":8},"end":{"line":65,"column":58}},"13":{"start":{"line":66,"column":8},"end":{"line":66,"column":61}}},"branchMap":{}},"contracts/ERC20WrapperGluwacoinV2.sol":{"l":{"31":0,"35":1,"43":0,"44":0,"45":0,"46":0,"47":0,"48":0,"49":0,"53":0,"61":0,"62":0,"65":1},"path":"/home/osboxes/ERC-20-Wrapper-Gluwacoin/contracts/ERC20WrapperGluwacoinV2.sol","s":{"1":0,"2":1,"3":0,"4":0,"5":0,"6":0,"7":0,"8":0,"9":0,"10":0,"11":0,"12":0,"13":1},"b":{},"f":{"1":0,"2":1,"3":0,"4":0,"5":0,"6":1},"fnMap":{"1":{"name":"initialize","line":26,"loc":{"start":{"line":26,"column":4},"end":{"line":32,"column":4}}},"2":{"name":"decimals","line":34,"loc":{"start":{"line":34,"column":4},"end":{"line":36,"column":4}}},"3":{"name":"__ERC20WrapperGluwacoin_init","line":42,"loc":{"start":{"line":38,"column":4},"end":{"line":50,"column":4}}},"4":{"name":"__ERC20WrapperGluwacoin_init_unchained","line":52,"loc":{"start":{"line":52,"column":4},"end":{"line":54,"column":4}}},"5":{"name":"_beforeTokenTransfer","line":56,"loc":{"start":{"line":56,"column":4},"end":{"line":63,"column":4}}},"6":{"name":"__beforeUpgrade","line":64,"loc":{"start":{"line":64,"column":4},"end":{"line":66,"column":4}}}},"statementMap":{"1":{"start":{"line":31,"column":8},"end":{"line":31,"column":56}},"2":{"start":{"line":35,"column":8},"end":{"line":35,"column":17}},"3":{"start":{"line":43,"column":8},"end":{"line":43,"column":33}},"4":{"start":{"line":44,"column":8},"end":{"line":44,"column":43}},"5":{"start":{"line":45,"column":8},"end":{"line":45,"column":38}},"6":{"start":{"line":46,"column":8},"end":{"line":46,"column":41}},"7":{"start":{"line":47,"column":8},"end":{"line":47,"column":49}},"8":{"start":{"line":48,"column":8},"end":{"line":48,"column":43}},"9":{"start":{"line":49,"column":8},"end":{"line":49,"column":47}},"10":{"start":{"line":53,"column":8},"end":{"line":53,"column":51}},"11":{"start":{"line":61,"column":8},"end":{"line":61,"column":58}},"12":{"start":{"line":62,"column":8},"end":{"line":62,"column":61}},"13":{"start":{"line":65,"column":8},"end":{"line":65,"column":41}}},"branchMap":{}},"contracts/ExampleCoin.sol":{"l":{"14":2,"15":2,"19":2,"24":2,"25":2,"26":2,"27":2,"28":2,"29":2},"path":"/home/osboxes/ERC-20-Wrapper-Gluwacoin/contracts/ExampleCoin.sol","s":{"1":2,"2":2,"3":2,"4":2,"5":2,"6":2,"7":2,"8":2,"9":2},"b":{},"f":{"1":2,"2":2,"3":2},"fnMap":{"1":{"name":"initialize","line":13,"loc":{"start":{"line":13,"column":4},"end":{"line":16,"column":4}}},"2":{"name":"decimals","line":18,"loc":{"start":{"line":18,"column":4},"end":{"line":20,"column":4}}},"3":{"name":"__ExampleCoin_init","line":23,"loc":{"start":{"line":22,"column":4},"end":{"line":30,"column":4}}}},"statementMap":{"1":{"start":{"line":14,"column":8},"end":{"line":14,"column":57}},"2":{"start":{"line":15,"column":8},"end":{"line":15,"column":28}},"3":{"start":{"line":19,"column":8},"end":{"line":19,"column":24}},"4":{"start":{"line":24,"column":8},"end":{"line":24,"column":33}},"5":{"start":{"line":25,"column":8},"end":{"line":25,"column":43}},"6":{"start":{"line":26,"column":8},"end":{"line":26,"column":38}},"7":{"start":{"line":27,"column":8},"end":{"line":27,"column":41}},"8":{"start":{"line":28,"column":8},"end":{"line":28,"column":43}},"9":{"start":{"line":29,"column":8},"end":{"line":29,"column":47}}},"branchMap":{}},"contracts/libs/GluwacoinModel.sol":{"l":{},"path":"/home/osboxes/ERC-20-Wrapper-Gluwacoin/contracts/libs/GluwacoinModel.sol","s":{},"b":{},"f":{},"fnMap":{},"statementMap":{},"branchMap":{}},"contracts/mocks/ERC20PresetMinterPauserMock.sol":{"l":{"13":0,"18":0,"19":0,"20":0,"21":0,"22":0,"23":0,"24":0},"path":"/home/osboxes/ERC-20-Wrapper-Gluwacoin/contracts/mocks/ERC20PresetMinterPauserMock.sol","s":{"1":0,"2":0,"3":0,"4":0,"5":0,"6":0,"7":0,"8":0},"b":{},"f":{"1":0,"2":0},"fnMap":{"1":{"name":"constructor","line":9,"loc":{"start":{"line":9,"column":4},"end":{"line":14,"column":4}}},"2":{"name":"initialize","line":17,"loc":{"start":{"line":17,"column":4},"end":{"line":25,"column":4}}}},"statementMap":{"1":{"start":{"line":13,"column":8},"end":{"line":13,"column":31}},"2":{"start":{"line":18,"column":8},"end":{"line":18,"column":33}},"3":{"start":{"line":19,"column":8},"end":{"line":19,"column":39}},"4":{"start":{"line":20,"column":8},"end":{"line":20,"column":43}},"5":{"start":{"line":21,"column":8},"end":{"line":21,"column":39}},"6":{"start":{"line":22,"column":8},"end":{"line":22,"column":34}},"7":{"start":{"line":23,"column":8},"end":{"line":23,"column":39}},"8":{"start":{"line":24,"column":8},"end":{"line":24,"column":61}}},"branchMap":{}},"contracts/mocks/ERC20WrapperGluwacoinMock.sol":{"l":{"15":0,"16":0,"23":0,"24":0},"path":"/home/osboxes/ERC-20-Wrapper-Gluwacoin/contracts/mocks/ERC20WrapperGluwacoinMock.sol","s":{"1":0,"2":0,"3":0,"4":0},"b":{},"f":{"1":0,"2":0},"fnMap":{"1":{"name":"constructor","line":9,"loc":{"start":{"line":9,"column":4},"end":{"line":17,"column":4}}},"2":{"name":"__ERC20Wrapper_init_unchained","line":20,"loc":{"start":{"line":20,"column":4},"end":{"line":25,"column":4}}}},"statementMap":{"1":{"start":{"line":15,"column":8},"end":{"line":15,"column":71}},"2":{"start":{"line":16,"column":8},"end":{"line":16,"column":43}},"3":{"start":{"line":23,"column":8},"end":{"line":23,"column":25}},"4":{"start":{"line":24,"column":8},"end":{"line":24,"column":45}}},"branchMap":{}},"contracts/mocks/ExampleCoinMock.sol":{"l":{"14":0,"18":0,"26":0,"27":0,"28":0,"29":0,"30":0,"31":0},"path":"/home/osboxes/ERC-20-Wrapper-Gluwacoin/contracts/mocks/ExampleCoinMock.sol","s":{"1":0,"2":0,"3":0,"4":0,"5":0,"6":0,"7":0,"8":0},"b":{},"f":{"1":0,"2":0,"3":0},"fnMap":{"1":{"name":"constructor","line":9,"loc":{"start":{"line":9,"column":4},"end":{"line":15,"column":4}}},"2":{"name":"decimals","line":17,"loc":{"start":{"line":17,"column":4},"end":{"line":19,"column":4}}},"3":{"name":"__ExampleCoinMock_init","line":25,"loc":{"start":{"line":21,"column":4},"end":{"line":32,"column":4}}}},"statementMap":{"1":{"start":{"line":14,"column":8},"end":{"line":14,"column":50}},"2":{"start":{"line":18,"column":8},"end":{"line":18,"column":16}},"3":{"start":{"line":26,"column":8},"end":{"line":26,"column":33}},"4":{"start":{"line":27,"column":8},"end":{"line":27,"column":43}},"5":{"start":{"line":28,"column":8},"end":{"line":28,"column":38}},"6":{"start":{"line":29,"column":8},"end":{"line":29,"column":41}},"7":{"start":{"line":30,"column":8},"end":{"line":30,"column":43}},"8":{"start":{"line":31,"column":8},"end":{"line":31,"column":47}}},"branchMap":{}}}