{"contracts/abstracts/ERC20ETHlessTransfer.sol":{"l":{"29":0,"30":0,"31":0,"32":0,"33":0,"34":0,"38":5,"63":0,"64":0,"69":0,"71":0,"83":0,"85":0,"86":0,"88":0,"94":0,"98":0,"106":0,"108":0},"path":"/home/osboxes/ERC-20-Wrapper-Gluwacoin/contracts/abstracts/ERC20ETHlessTransfer.sol","s":{"1":0,"2":0,"3":0,"4":0,"5":0,"6":0,"7":5,"8":0,"9":0,"10":0,"11":0,"12":0,"13":0,"14":0,"15":0,"16":0,"17":0,"18":0,"19":0},"b":{"1":[0,0],"2":[0,0]},"f":{"1":0,"2":5,"3":0,"4":0,"5":0},"fnMap":{"1":{"name":"__ERC20ETHless_init","line":27,"loc":{"start":{"line":25,"column":4},"end":{"line":35,"column":4}}},"2":{"name":"__ERC20ETHless_init_unchained","line":37,"loc":{"start":{"line":37,"column":4},"end":{"line":39,"column":4}}},"3":{"name":"transfer","line":55,"loc":{"start":{"line":55,"column":4},"end":{"line":89,"column":4}}},"4":{"name":"_useNonce","line":93,"loc":{"start":{"line":93,"column":4},"end":{"line":99,"column":4}}},"5":{"name":"_collect","line":105,"loc":{"start":{"line":105,"column":4},"end":{"line":109,"column":4}}}},"statementMap":{"1":{"start":{"line":29,"column":8},"end":{"line":29,"column":33}},"2":{"start":{"line":30,"column":8},"end":{"line":30,"column":32}},"3":{"start":{"line":31,"column":8},"end":{"line":31,"column":39}},"4":{"start":{"line":32,"column":8},"end":{"line":32,"column":49}},"5":{"start":{"line":33,"column":8},"end":{"line":33,"column":43}},"6":{"start":{"line":34,"column":8},"end":{"line":34,"column":38}},"7":{"start":{"line":38,"column":8},"end":{"line":38,"column":45}},"8":{"start":{"line":63,"column":8},"end":{"line":63,"column":49}},"9":{"start":{"line":64,"column":8},"end":{"line":64,"column":2170}},"10":{"start":{"line":69,"column":8},"end":{"line":69,"column":31}},"11":{"start":{"line":71,"column":8},"end":{"line":71,"column":2338}},"12":{"start":{"line":83,"column":8},"end":{"line":83,"column":52}},"13":{"start":{"line":85,"column":8},"end":{"line":85,"column":28}},"14":{"start":{"line":86,"column":8},"end":{"line":86,"column":43}},"15":{"start":{"line":88,"column":8},"end":{"line":88,"column":19}},"16":{"start":{"line":94,"column":8},"end":{"line":94,"column":2932}},"17":{"start":{"line":98,"column":8},"end":{"line":98,"column":40}},"18":{"start":{"line":106,"column":8},"end":{"line":106,"column":56}},"19":{"start":{"line":108,"column":8},"end":{"line":108,"column":41}}},"branchMap":{"1":{"line":64,"type":"if","locations":[{"start":{"line":64,"column":8},"end":{"line":64,"column":8}},{"start":{"line":64,"column":8},"end":{"line":64,"column":8}}]},"2":{"line":94,"type":"if","locations":[{"start":{"line":94,"column":8},"end":{"line":94,"column":8}},{"start":{"line":94,"column":8},"end":{"line":94,"column":8}}]}}},"contracts/abstracts/ERC20Reservable.sol":{"l":{"44":0,"45":0,"46":0,"72":0,"74":0,"75":0,"76":0,"77":0,"78":0,"79":0,"90":0,"101":0,"124":0,"129":0,"133":0,"138":0,"139":0,"144":0,"158":0,"160":0,"168":0,"170":0,"182":0,"184":0,"188":0,"192":0,"196":0,"201":0,"202":0,"203":0,"204":0,"205":0,"207":0,"208":0,"210":0,"211":0,"213":0,"225":0,"227":0,"231":0,"235":0,"240":0,"245":0,"246":0,"251":0,"259":0,"267":0,"268":0,"274":0},"path":"/home/osboxes/ERC-20-Wrapper-Gluwacoin/contracts/abstracts/ERC20Reservable.sol","s":{"1":0,"2":0,"3":0,"4":0,"5":0,"6":0,"7":0,"8":0,"9":0,"10":0,"11":0,"12":0,"13":0,"14":0,"15":0,"16":0,"17":0,"18":0,"19":0,"20":0,"21":0,"22":0,"23":0,"24":0,"25":0,"26":0,"27":0,"28":0,"29":0,"30":0,"31":0,"32":0,"33":0,"34":0,"35":0,"36":0,"37":0,"38":0,"39":0,"40":0,"41":0,"42":0,"43":0,"44":0,"45":0,"46":0,"47":0,"48":0,"49":0},"b":{"1":[0,0],"2":[0,0],"3":[0,0],"4":[0,0],"5":[0,0],"6":[0,0],"7":[0,0],"8":[0,0],"9":[0,0],"10":[0,0],"11":[0,0],"12":[0,0],"13":[0,0],"14":[0,0]},"f":{"1":0,"2":5,"3":0,"4":0,"5":0,"6":0,"7":0,"8":0,"9":0,"10":0},"fnMap":{"1":{"name":"__ERC20Reservable_init","line":42,"loc":{"start":{"line":40,"column":4},"end":{"line":47,"column":4}}},"2":{"name":"__ERC20Reservable_init_unchained","line":49,"loc":{"start":{"line":49,"column":4},"end":{"line":49,"column":70}}},"3":{"name":"getReservation","line":60,"loc":{"start":{"line":60,"column":4},"end":{"line":80,"column":4}}},"4":{"name":"reservedBalanceOf","line":85,"loc":{"start":{"line":85,"column":4},"end":{"line":91,"column":4}}},"5":{"name":"unreservedBalanceOf","line":96,"loc":{"start":{"line":96,"column":4},"end":{"line":102,"column":4}}},"6":{"name":"reserve","line":114,"loc":{"start":{"line":114,"column":4},"end":{"line":171,"column":4}}},"7":{"name":"execute","line":178,"loc":{"start":{"line":178,"column":4},"end":{"line":214,"column":4}}},"8":{"name":"reclaim","line":221,"loc":{"start":{"line":221,"column":4},"end":{"line":252,"column":4}}},"9":{"name":"_unreservedBalance","line":254,"loc":{"start":{"line":254,"column":4},"end":{"line":260,"column":4}}},"10":{"name":"_beforeTokenTransfer","line":262,"loc":{"start":{"line":262,"column":4},"end":{"line":275,"column":4}}}},"statementMap":{"1":{"start":{"line":44,"column":8},"end":{"line":44,"column":33}},"2":{"start":{"line":45,"column":8},"end":{"line":45,"column":43}},"3":{"start":{"line":46,"column":8},"end":{"line":46,"column":41}},"4":{"start":{"line":72,"column":8},"end":{"line":72,"column":66}},"5":{"start":{"line":74,"column":8},"end":{"line":74,"column":35}},"6":{"start":{"line":75,"column":8},"end":{"line":75,"column":29}},"7":{"start":{"line":76,"column":8},"end":{"line":76,"column":41}},"8":{"start":{"line":77,"column":8},"end":{"line":77,"column":39}},"9":{"start":{"line":78,"column":8},"end":{"line":78,"column":51}},"10":{"start":{"line":79,"column":8},"end":{"line":79,"column":35}},"11":{"start":{"line":90,"column":8},"end":{"line":90,"column":63}},"12":{"start":{"line":101,"column":8},"end":{"line":101,"column":42}},"13":{"start":{"line":124,"column":8},"end":{"line":124,"column":4691}},"14":{"start":{"line":129,"column":8},"end":{"line":129,"column":4844}},"15":{"start":{"line":133,"column":8},"end":{"line":133,"column":4974}},"16":{"start":{"line":138,"column":8},"end":{"line":138,"column":36}},"17":{"start":{"line":139,"column":8},"end":{"line":139,"column":5141}},"18":{"start":{"line":144,"column":8},"end":{"line":144,"column":5283}},"19":{"start":{"line":158,"column":8},"end":{"line":158,"column":52}},"20":{"start":{"line":160,"column":8},"end":{"line":160,"column":5715}},"21":{"start":{"line":168,"column":8},"end":{"line":168,"column":62}},"22":{"start":{"line":170,"column":8},"end":{"line":170,"column":19}},"23":{"start":{"line":182,"column":8},"end":{"line":182,"column":66}},"24":{"start":{"line":184,"column":8},"end":{"line":184,"column":6566}},"25":{"start":{"line":188,"column":8},"end":{"line":188,"column":6698}},"26":{"start":{"line":192,"column":8},"end":{"line":192,"column":6893}},"27":{"start":{"line":196,"column":8},"end":{"line":196,"column":7055}},"28":{"start":{"line":201,"column":8},"end":{"line":201,"column":48}},"29":{"start":{"line":202,"column":8},"end":{"line":202,"column":50}},"30":{"start":{"line":203,"column":8},"end":{"line":203,"column":38}},"31":{"start":{"line":204,"column":8},"end":{"line":204,"column":44}},"32":{"start":{"line":205,"column":8},"end":{"line":205,"column":36}},"33":{"start":{"line":207,"column":8},"end":{"line":207,"column":69}},"34":{"start":{"line":208,"column":8},"end":{"line":208,"column":62}},"35":{"start":{"line":210,"column":8},"end":{"line":210,"column":39}},"36":{"start":{"line":211,"column":8},"end":{"line":211,"column":43}},"37":{"start":{"line":213,"column":8},"end":{"line":213,"column":19}},"38":{"start":{"line":225,"column":8},"end":{"line":225,"column":66}},"39":{"start":{"line":227,"column":8},"end":{"line":227,"column":8252}},"40":{"start":{"line":231,"column":8},"end":{"line":231,"column":8384}},"41":{"start":{"line":235,"column":8},"end":{"line":235,"column":8599}},"42":{"start":{"line":240,"column":8},"end":{"line":240,"column":8852}},"43":{"start":{"line":245,"column":8},"end":{"line":245,"column":69}},"44":{"start":{"line":246,"column":8},"end":{"line":246,"column":9102}},"45":{"start":{"line":251,"column":8},"end":{"line":251,"column":19}},"46":{"start":{"line":259,"column":8},"end":{"line":259,"column":57}},"47":{"start":{"line":267,"column":8},"end":{"line":267,"column":9581}},"48":{"start":{"line":268,"column":12},"end":{"line":268,"column":9623}},"49":{"start":{"line":274,"column":8},"end":{"line":274,"column":51}}},"branchMap":{"1":{"line":124,"type":"if","locations":[{"start":{"line":124,"column":8},"end":{"line":124,"column":8}},{"start":{"line":124,"column":8},"end":{"line":124,"column":8}}]},"2":{"line":129,"type":"if","locations":[{"start":{"line":129,"column":8},"end":{"line":129,"column":8}},{"start":{"line":129,"column":8},"end":{"line":129,"column":8}}]},"3":{"line":133,"type":"if","locations":[{"start":{"line":133,"column":8},"end":{"line":133,"column":8}},{"start":{"line":133,"column":8},"end":{"line":133,"column":8}}]},"4":{"line":139,"type":"if","locations":[{"start":{"line":139,"column":8},"end":{"line":139,"column":8}},{"start":{"line":139,"column":8},"end":{"line":139,"column":8}}]},"5":{"line":184,"type":"if","locations":[{"start":{"line":184,"column":8},"end":{"line":184,"column":8}},{"start":{"line":184,"column":8},"end":{"line":184,"column":8}}]},"6":{"line":188,"type":"if","locations":[{"start":{"line":188,"column":8},"end":{"line":188,"column":8}},{"start":{"line":188,"column":8},"end":{"line":188,"column":8}}]},"7":{"line":192,"type":"if","locations":[{"start":{"line":192,"column":8},"end":{"line":192,"column":8}},{"start":{"line":192,"column":8},"end":{"line":192,"column":8}}]},"8":{"line":196,"type":"if","locations":[{"start":{"line":196,"column":8},"end":{"line":196,"column":8}},{"start":{"line":196,"column":8},"end":{"line":196,"column":8}}]},"9":{"line":227,"type":"if","locations":[{"start":{"line":227,"column":8},"end":{"line":227,"column":8}},{"start":{"line":227,"column":8},"end":{"line":227,"column":8}}]},"10":{"line":231,"type":"if","locations":[{"start":{"line":231,"column":8},"end":{"line":231,"column":8}},{"start":{"line":231,"column":8},"end":{"line":231,"column":8}}]},"11":{"line":235,"type":"if","locations":[{"start":{"line":235,"column":8},"end":{"line":235,"column":8}},{"start":{"line":235,"column":8},"end":{"line":235,"column":8}}]},"12":{"line":240,"type":"if","locations":[{"start":{"line":240,"column":8},"end":{"line":240,"column":8}},{"start":{"line":240,"column":8},"end":{"line":240,"column":8}}]},"13":{"line":267,"type":"if","locations":[{"start":{"line":267,"column":8},"end":{"line":267,"column":8}},{"start":{"line":267,"column":8},"end":{"line":267,"column":8}}]},"14":{"line":268,"type":"if","locations":[{"start":{"line":268,"column":12},"end":{"line":268,"column":12}},{"start":{"line":268,"column":12},"end":{"line":268,"column":12}}]}}},"contracts/abstracts/ERC20Wrapper.sol":{"l":{"39":0,"40":0,"41":0,"42":0,"43":0,"44":0,"52":5,"53":5,"60":4,"75":0,"104":0,"106":0,"117":0,"119":0,"121":0,"123":0,"132":0,"159":0,"160":0,"165":0,"167":0,"178":0,"180":0,"181":0,"183":0,"187":0,"188":0,"190":0,"194":0,"195":0,"197":0,"208":5,"214":0,"218":0},"path":"/home/osboxes/ERC-20-Wrapper-Gluwacoin/contracts/abstracts/ERC20Wrapper.sol","s":{"1":0,"2":0,"3":0,"4":0,"5":0,"6":0,"7":5,"8":5,"9":4,"10":0,"11":0,"12":0,"13":0,"14":0,"15":0,"16":0,"17":0,"18":0,"19":0,"20":0,"21":0,"22":0,"23":0,"24":0,"25":0,"26":0,"27":0,"28":0,"29":0,"30":0,"31":0,"32":5,"33":0,"34":0},"b":{"1":[0,0],"2":[0,0]},"f":{"1":0,"2":5,"3":4,"4":0,"5":0,"6":0,"7":0,"8":0,"9":0,"10":5,"11":0},"fnMap":{"1":{"name":"__ERC20Wrapper_init","line":38,"loc":{"start":{"line":34,"column":4},"end":{"line":45,"column":4}}},"2":{"name":"__ERC20Wrapper_init_unchained","line":50,"loc":{"start":{"line":47,"column":4},"end":{"line":54,"column":4}}},"3":{"name":"token","line":59,"loc":{"start":{"line":59,"column":4},"end":{"line":61,"column":4}}},"4":{"name":"mint","line":74,"loc":{"start":{"line":74,"column":4},"end":{"line":76,"column":4}}},"5":{"name":"mint","line":97,"loc":{"start":{"line":97,"column":4},"end":{"line":124,"column":4}}},"6":{"name":"burn","line":131,"loc":{"start":{"line":131,"column":4},"end":{"line":133,"column":4}}},"7":{"name":"burn","line":152,"loc":{"start":{"line":152,"column":4},"end":{"line":184,"column":4}}},"8":{"name":"__mint","line":186,"loc":{"start":{"line":186,"column":4},"end":{"line":191,"column":4}}},"9":{"name":"__burn","line":193,"loc":{"start":{"line":193,"column":4},"end":{"line":198,"column":4}}},"10":{"name":"_setupToken","line":207,"loc":{"start":{"line":207,"column":4},"end":{"line":209,"column":4}}},"11":{"name":"_useWrapperNonce","line":213,"loc":{"start":{"line":213,"column":4},"end":{"line":219,"column":4}}}},"statementMap":{"1":{"start":{"line":39,"column":8},"end":{"line":39,"column":33}},"2":{"start":{"line":40,"column":8},"end":{"line":40,"column":32}},"3":{"start":{"line":41,"column":8},"end":{"line":41,"column":39}},"4":{"start":{"line":42,"column":8},"end":{"line":42,"column":49}},"5":{"start":{"line":43,"column":8},"end":{"line":43,"column":43}},"6":{"start":{"line":44,"column":8},"end":{"line":44,"column":47}},"7":{"start":{"line":52,"column":8},"end":{"line":52,"column":29}},"8":{"start":{"line":53,"column":8},"end":{"line":53,"column":45}},"9":{"start":{"line":60,"column":8},"end":{"line":60,"column":21}},"10":{"start":{"line":75,"column":8},"end":{"line":75,"column":35}},"11":{"start":{"line":104,"column":8},"end":{"line":104,"column":38}},"12":{"start":{"line":106,"column":8},"end":{"line":106,"column":3668}},"13":{"start":{"line":117,"column":8},"end":{"line":117,"column":52}},"14":{"start":{"line":119,"column":8},"end":{"line":119,"column":29}},"15":{"start":{"line":121,"column":8},"end":{"line":121,"column":56}},"16":{"start":{"line":123,"column":8},"end":{"line":123,"column":38}},"17":{"start":{"line":132,"column":8},"end":{"line":132,"column":35}},"18":{"start":{"line":159,"column":8},"end":{"line":159,"column":49}},"19":{"start":{"line":160,"column":8},"end":{"line":160,"column":5448}},"20":{"start":{"line":165,"column":8},"end":{"line":165,"column":38}},"21":{"start":{"line":167,"column":8},"end":{"line":167,"column":5612}},"22":{"start":{"line":178,"column":8},"end":{"line":178,"column":52}},"23":{"start":{"line":180,"column":8},"end":{"line":180,"column":56}},"24":{"start":{"line":181,"column":8},"end":{"line":181,"column":38}},"25":{"start":{"line":183,"column":8},"end":{"line":183,"column":35}},"26":{"start":{"line":187,"column":8},"end":{"line":187,"column":62}},"27":{"start":{"line":188,"column":8},"end":{"line":188,"column":34}},"28":{"start":{"line":190,"column":8},"end":{"line":190,"column":29}},"29":{"start":{"line":194,"column":8},"end":{"line":194,"column":43}},"30":{"start":{"line":195,"column":8},"end":{"line":195,"column":35}},"31":{"start":{"line":197,"column":8},"end":{"line":197,"column":29}},"32":{"start":{"line":208,"column":8},"end":{"line":208,"column":22}},"33":{"start":{"line":214,"column":8},"end":{"line":214,"column":6992}},"34":{"start":{"line":218,"column":8},"end":{"line":218,"column":40}}},"branchMap":{"1":{"line":160,"type":"if","locations":[{"start":{"line":160,"column":8},"end":{"line":160,"column":8}},{"start":{"line":160,"column":8},"end":{"line":160,"column":8}}]},"2":{"line":214,"type":"if","locations":[{"start":{"line":214,"column":8},"end":{"line":214,"column":8}},{"start":{"line":214,"column":8},"end":{"line":214,"column":8}}]}}},"contracts/abstracts/Validate.sol":{"l":{"17":0,"19":0,"20":0},"path":"/home/osboxes/ERC-20-Wrapper-Gluwacoin/contracts/abstracts/Validate.sol","s":{"1":0,"2":0,"3":0},"b":{"1":[0,0]},"f":{"1":0},"fnMap":{"1":{"name":"validateSignature","line":16,"loc":{"start":{"line":16,"column":4},"end":{"line":21,"column":4}}}},"statementMap":{"1":{"start":{"line":17,"column":8},"end":{"line":17,"column":59}},"2":{"start":{"line":19,"column":8},"end":{"line":19,"column":49}},"3":{"start":{"line":20,"column":8},"end":{"line":20,"column":63}}},"branchMap":{"1":{"line":20,"type":"if","locations":[{"start":{"line":20,"column":8},"end":{"line":20,"column":8}},{"start":{"line":20,"column":8},"end":{"line":20,"column":8}}]}}},"contracts/ERC20WrapperGluwacoin.sol":{"l":{"31":3,"36":2,"45":3,"46":3,"47":3,"48":3,"49":3,"50":3,"51":3,"52":3,"53":3,"54":3,"61":5,"62":5,"70":0},"path":"/home/osboxes/ERC-20-Wrapper-Gluwacoin/contracts/ERC20WrapperGluwacoin.sol","s":{"1":3,"2":2,"3":3,"4":3,"5":3,"6":3,"7":3,"8":3,"9":3,"10":3,"11":3,"12":3,"13":5,"14":5,"15":0},"b":{},"f":{"1":3,"2":2,"3":3,"4":5,"5":0},"fnMap":{"1":{"name":"initialize","line":25,"loc":{"start":{"line":25,"column":4},"end":{"line":32,"column":4}}},"2":{"name":"decimals","line":35,"loc":{"start":{"line":35,"column":4},"end":{"line":37,"column":4}}},"3":{"name":"__ERC20WrapperGluwacoin_init","line":44,"loc":{"start":{"line":39,"column":4},"end":{"line":55,"column":4}}},"4":{"name":"__ERC20WrapperGluwacoin_init_unchained","line":59,"loc":{"start":{"line":57,"column":4},"end":{"line":63,"column":4}}},"5":{"name":"_beforeTokenTransfer","line":65,"loc":{"start":{"line":65,"column":4},"end":{"line":71,"column":4}}}},"statementMap":{"1":{"start":{"line":31,"column":8},"end":{"line":31,"column":67}},"2":{"start":{"line":36,"column":8},"end":{"line":36,"column":24}},"3":{"start":{"line":45,"column":8},"end":{"line":45,"column":28}},"4":{"start":{"line":46,"column":8},"end":{"line":46,"column":33}},"5":{"start":{"line":47,"column":8},"end":{"line":47,"column":32}},"6":{"start":{"line":48,"column":8},"end":{"line":48,"column":39}},"7":{"start":{"line":49,"column":8},"end":{"line":49,"column":49}},"8":{"start":{"line":50,"column":8},"end":{"line":50,"column":43}},"9":{"start":{"line":51,"column":8},"end":{"line":51,"column":43}},"10":{"start":{"line":52,"column":8},"end":{"line":52,"column":38}},"11":{"start":{"line":53,"column":8},"end":{"line":53,"column":41}},"12":{"start":{"line":54,"column":8},"end":{"line":54,"column":56}},"13":{"start":{"line":61,"column":8},"end":{"line":61,"column":28}},"14":{"start":{"line":62,"column":8},"end":{"line":62,"column":51}},"15":{"start":{"line":70,"column":8},"end":{"line":70,"column":51}}},"branchMap":{}},"contracts/ERC20WrapperGluwacoinV2.sol":{"l":{"31":0,"35":1,"43":0,"44":0,"45":0,"46":0,"47":0,"48":0,"49":0,"50":0,"51":0,"52":0,"56":0,"64":0,"67":1},"path":"/home/osboxes/ERC-20-Wrapper-Gluwacoin/contracts/ERC20WrapperGluwacoinV2.sol","s":{"1":0,"2":1,"3":0,"4":0,"5":0,"6":0,"7":0,"8":0,"9":0,"10":0,"11":0,"12":0,"13":0,"14":0,"15":1},"b":{},"f":{"1":0,"2":1,"3":0,"4":0,"5":0,"6":1},"fnMap":{"1":{"name":"initialize","line":26,"loc":{"start":{"line":26,"column":4},"end":{"line":32,"column":4}}},"2":{"name":"decimals","line":34,"loc":{"start":{"line":34,"column":4},"end":{"line":36,"column":4}}},"3":{"name":"__ERC20WrapperGluwacoin_init","line":42,"loc":{"start":{"line":38,"column":4},"end":{"line":53,"column":4}}},"4":{"name":"__ERC20WrapperGluwacoin_init_unchained","line":55,"loc":{"start":{"line":55,"column":4},"end":{"line":57,"column":4}}},"5":{"name":"_beforeTokenTransfer","line":59,"loc":{"start":{"line":59,"column":4},"end":{"line":65,"column":4}}},"6":{"name":"__beforeUpgrade","line":66,"loc":{"start":{"line":66,"column":4},"end":{"line":68,"column":4}}}},"statementMap":{"1":{"start":{"line":31,"column":8},"end":{"line":31,"column":56}},"2":{"start":{"line":35,"column":8},"end":{"line":35,"column":17}},"3":{"start":{"line":43,"column":8},"end":{"line":43,"column":33}},"4":{"start":{"line":44,"column":8},"end":{"line":44,"column":32}},"5":{"start":{"line":45,"column":8},"end":{"line":45,"column":39}},"6":{"start":{"line":46,"column":8},"end":{"line":46,"column":49}},"7":{"start":{"line":47,"column":8},"end":{"line":47,"column":43}},"8":{"start":{"line":48,"column":8},"end":{"line":48,"column":38}},"9":{"start":{"line":49,"column":8},"end":{"line":49,"column":41}},"10":{"start":{"line":50,"column":8},"end":{"line":50,"column":49}},"11":{"start":{"line":51,"column":8},"end":{"line":51,"column":43}},"12":{"start":{"line":52,"column":8},"end":{"line":52,"column":47}},"13":{"start":{"line":56,"column":8},"end":{"line":56,"column":51}},"14":{"start":{"line":64,"column":8},"end":{"line":64,"column":51}},"15":{"start":{"line":67,"column":8},"end":{"line":67,"column":41}}},"branchMap":{}},"contracts/ExampleCoin.sol":{"l":{"14":2,"15":2,"19":2,"24":2,"25":2,"26":2,"27":2,"28":2,"29":2,"30":2,"31":2,"32":2},"path":"/home/osboxes/ERC-20-Wrapper-Gluwacoin/contracts/ExampleCoin.sol","s":{"1":2,"2":2,"3":2,"4":2,"5":2,"6":2,"7":2,"8":2,"9":2,"10":2,"11":2,"12":2},"b":{},"f":{"1":2,"2":2,"3":2},"fnMap":{"1":{"name":"initialize","line":13,"loc":{"start":{"line":13,"column":4},"end":{"line":16,"column":4}}},"2":{"name":"decimals","line":18,"loc":{"start":{"line":18,"column":4},"end":{"line":20,"column":4}}},"3":{"name":"__ExampleCoin_init","line":23,"loc":{"start":{"line":22,"column":4},"end":{"line":33,"column":4}}}},"statementMap":{"1":{"start":{"line":14,"column":8},"end":{"line":14,"column":46}},"2":{"start":{"line":15,"column":8},"end":{"line":15,"column":28}},"3":{"start":{"line":19,"column":8},"end":{"line":19,"column":24}},"4":{"start":{"line":24,"column":8},"end":{"line":24,"column":33}},"5":{"start":{"line":25,"column":8},"end":{"line":25,"column":32}},"6":{"start":{"line":26,"column":8},"end":{"line":26,"column":39}},"7":{"start":{"line":27,"column":8},"end":{"line":27,"column":49}},"8":{"start":{"line":28,"column":8},"end":{"line":28,"column":43}},"9":{"start":{"line":29,"column":8},"end":{"line":29,"column":38}},"10":{"start":{"line":30,"column":8},"end":{"line":30,"column":41}},"11":{"start":{"line":31,"column":8},"end":{"line":31,"column":43}},"12":{"start":{"line":32,"column":8},"end":{"line":32,"column":56}}},"branchMap":{}},"contracts/libs/GluwacoinModel.sol":{"l":{},"path":"/home/osboxes/ERC-20-Wrapper-Gluwacoin/contracts/libs/GluwacoinModel.sol","s":{},"b":{},"f":{},"fnMap":{},"statementMap":{},"branchMap":{}},"contracts/mocks/ERC20PresetMinterPauserMock.sol":{"l":{"13":0,"18":0,"19":0,"20":0,"21":0,"22":0,"23":0,"24":0},"path":"/home/osboxes/ERC-20-Wrapper-Gluwacoin/contracts/mocks/ERC20PresetMinterPauserMock.sol","s":{"1":0,"2":0,"3":0,"4":0,"5":0,"6":0,"7":0,"8":0},"b":{},"f":{"1":0,"2":0},"fnMap":{"1":{"name":"constructor","line":9,"loc":{"start":{"line":9,"column":4},"end":{"line":14,"column":4}}},"2":{"name":"initialize","line":17,"loc":{"start":{"line":17,"column":4},"end":{"line":25,"column":4}}}},"statementMap":{"1":{"start":{"line":13,"column":8},"end":{"line":13,"column":31}},"2":{"start":{"line":18,"column":8},"end":{"line":18,"column":33}},"3":{"start":{"line":19,"column":8},"end":{"line":19,"column":39}},"4":{"start":{"line":20,"column":8},"end":{"line":20,"column":43}},"5":{"start":{"line":21,"column":8},"end":{"line":21,"column":39}},"6":{"start":{"line":22,"column":8},"end":{"line":22,"column":34}},"7":{"start":{"line":23,"column":8},"end":{"line":23,"column":39}},"8":{"start":{"line":24,"column":8},"end":{"line":24,"column":61}}},"branchMap":{}},"contracts/mocks/ERC20WrapperGluwacoinMock.sol":{"l":{"17":0,"18":0,"25":0,"26":0},"path":"/home/osboxes/ERC-20-Wrapper-Gluwacoin/contracts/mocks/ERC20WrapperGluwacoinMock.sol","s":{"1":0,"2":0,"3":0,"4":0},"b":{},"f":{"1":0,"2":0},"fnMap":{"1":{"name":"constructor","line":11,"loc":{"start":{"line":11,"column":4},"end":{"line":19,"column":4}}},"2":{"name":"__ERC20Wrapper_init_unchained","line":22,"loc":{"start":{"line":22,"column":4},"end":{"line":27,"column":4}}}},"statementMap":{"1":{"start":{"line":17,"column":8},"end":{"line":17,"column":71}},"2":{"start":{"line":18,"column":8},"end":{"line":18,"column":43}},"3":{"start":{"line":25,"column":8},"end":{"line":25,"column":25}},"4":{"start":{"line":26,"column":8},"end":{"line":26,"column":45}}},"branchMap":{}},"contracts/mocks/ExampleCoinMock.sol":{"l":{"15":0,"19":0,"27":0,"28":0,"29":0,"30":0,"31":0,"32":0,"33":0,"34":0,"35":0},"path":"/home/osboxes/ERC-20-Wrapper-Gluwacoin/contracts/mocks/ExampleCoinMock.sol","s":{"1":0,"2":0,"3":0,"4":0,"5":0,"6":0,"7":0,"8":0,"9":0,"10":0,"11":0},"b":{},"f":{"1":0,"2":0,"3":0},"fnMap":{"1":{"name":"constructor","line":10,"loc":{"start":{"line":10,"column":4},"end":{"line":16,"column":4}}},"2":{"name":"decimals","line":18,"loc":{"start":{"line":18,"column":4},"end":{"line":20,"column":4}}},"3":{"name":"__ExampleCoinMock_init","line":26,"loc":{"start":{"line":22,"column":4},"end":{"line":36,"column":4}}}},"statementMap":{"1":{"start":{"line":15,"column":8},"end":{"line":15,"column":50}},"2":{"start":{"line":19,"column":8},"end":{"line":19,"column":16}},"3":{"start":{"line":27,"column":8},"end":{"line":27,"column":33}},"4":{"start":{"line":28,"column":8},"end":{"line":28,"column":32}},"5":{"start":{"line":29,"column":8},"end":{"line":29,"column":39}},"6":{"start":{"line":30,"column":8},"end":{"line":30,"column":49}},"7":{"start":{"line":31,"column":8},"end":{"line":31,"column":43}},"8":{"start":{"line":32,"column":8},"end":{"line":32,"column":38}},"9":{"start":{"line":33,"column":8},"end":{"line":33,"column":41}},"10":{"start":{"line":34,"column":8},"end":{"line":34,"column":43}},"11":{"start":{"line":35,"column":8},"end":{"line":35,"column":48}}},"branchMap":{}}}